# JRE version: OpenJDK Runtime Environment (11.0.10) (build 11.0.10+0-b96-7249189)
# Java VM: OpenJDK 64-Bit Server VM (11.0.10+0-b96-7249189, mixed mode, tiered, compressed oops, g1 gc, windows-amd64)
Heap:
 garbage-first heap   total 146432K, used 70543K [0x0000000080000000, 0x0000000100000000)
  region size 1024K, 6 young (6144K), 4 survivors (4096K)
 Metaspace       used 85636K, capacity 87726K, committed 88060K, reserved 1126400K
  class space    used 11038K, capacity 11823K, committed 11904K, reserved 1048576K
GC Heap History (20 events):
Event: 237.388 GC heap before
{Heap before GC invocations=65 (full 0):
 garbage-first heap   total 101376K, used 74198K [0x0000000080000000, 0x0000000100000000)
  region size 1024K, 26 young (26624K), 3 survivors (3072K)
 Metaspace       used 64532K, capacity 66060K, committed 66300K, reserved 1107968K
  class space    used 8178K, capacity 8729K, committed 8832K, reserved 1048576K
}
Event: 237.431 GC heap after
{Heap after GC invocations=66 (full 0):
 garbage-first heap   total 101376K, used 52790K [0x0000000080000000, 0x0000000100000000)
  region size 1024K, 4 young (4096K), 4 survivors (4096K)
 Metaspace       used 64532K, capacity 66060K, committed 66300K, reserved 1107968K
  class space    used 8178K, capacity 8729K, committed 8832K, reserved 1048576K
}
Event: 242.434 GC heap before
{Heap before GC invocations=67 (full 0):
 garbage-first heap   total 101376K, used 75318K [0x0000000080000000, 0x0000000100000000)
  region size 1024K, 27 young (27648K), 4 survivors (4096K)
 Metaspace       used 67706K, capacity 69362K, committed 69628K, reserved 1110016K
  class space    used 8743K, capacity 9318K, committed 9344K, reserved 1048576K
}
Event: 242.541 GC heap after
{Heap after GC invocations=68 (full 0):
 garbage-first heap   total 101376K, used 54094K [0x0000000080000000, 0x0000000100000000)
  region size 1024K, 2 young (2048K), 2 survivors (2048K)
 Metaspace       used 67706K, capacity 69362K, committed 69628K, reserved 1110016K
  class space    used 8743K, capacity 9318K, committed 9344K, reserved 1048576K
}
Event: 246.474 GC heap before
{Heap before GC invocations=68 (full 0):
 garbage-first heap   total 101376K, used 77646K [0x0000000080000000, 0x0000000100000000)
  region size 1024K, 25 young (25600K), 2 survivors (2048K)
 Metaspace       used 69772K, capacity 71387K, committed 71548K, reserved 1112064K
  class space    used 9020K, capacity 9619K, committed 9728K, reserved 1048576K
}
Event: 246.519 GC heap after
{Heap after GC invocations=69 (full 0):
 garbage-first heap   total 101376K, used 55786K [0x0000000080000000, 0x0000000100000000)
  region size 1024K, 3 young (3072K), 3 survivors (3072K)
 Metaspace       used 69772K, capacity 71387K, committed 71548K, reserved 1112064K
  class space    used 9020K, capacity 9619K, committed 9728K, reserved 1048576K
}
Event: 251.199 GC heap before
{Heap before GC invocations=70 (full 0):
 garbage-first heap   total 101376K, used 79338K [0x0000000080000000, 0x0000000100000000)
  region size 1024K, 26 young (26624K), 3 survivors (3072K)
 Metaspace       used 72143K, capacity 73769K, committed 73852K, reserved 1114112K
  class space    used 9386K, capacity 9963K, committed 9984K, reserved 1048576K
}
Event: 251.258 GC heap after
{Heap after GC invocations=71 (full 0):
 garbage-first heap   total 121856K, used 56949K [0x0000000080000000, 0x0000000100000000)
  region size 1024K, 3 young (3072K), 3 survivors (3072K)
 Metaspace       used 72143K, capacity 73769K, committed 73852K, reserved 1114112K
  class space    used 9386K, capacity 9963K, committed 9984K, reserved 1048576K
}
Event: 257.013 GC heap before
{Heap before GC invocations=71 (full 0):
 garbage-first heap   total 121856K, used 87669K [0x0000000080000000, 0x0000000100000000)
  region size 1024K, 33 young (33792K), 3 survivors (3072K)
 Metaspace       used 75872K, capacity 77638K, committed 77820K, reserved 1116160K
  class space    used 9857K, capacity 10535K, committed 10624K, reserved 1048576K
}
Event: 257.071 GC heap after
{Heap after GC invocations=72 (full 0):
 garbage-first heap   total 121856K, used 59166K [0x0000000080000000, 0x0000000100000000)
  region size 1024K, 4 young (4096K), 4 survivors (4096K)
 Metaspace       used 75872K, capacity 77638K, committed 77820K, reserved 1116160K
  class space    used 9857K, capacity 10535K, committed 10624K, reserved 1048576K
}
Event: 265.598 GC heap before
{Heap before GC invocations=72 (full 0):
 garbage-first heap   total 121856K, used 89886K [0x0000000080000000, 0x0000000100000000)
  region size 1024K, 34 young (34816K), 4 survivors (4096K)
 Metaspace       used 78286K, capacity 80123K, committed 80380K, reserved 1118208K
  class space    used 10181K, capacity 10861K, committed 10880K, reserved 1048576K
}
Event: 265.664 GC heap after
{Heap after GC invocations=73 (full 0):
 garbage-first heap   total 121856K, used 61600K [0x0000000080000000, 0x0000000100000000)
  region size 1024K, 5 young (5120K), 5 survivors (5120K)
 Metaspace       used 78286K, capacity 80123K, committed 80380K, reserved 1118208K
  class space    used 10181K, capacity 10861K, committed 10880K, reserved 1048576K
}
Event: 274.494 GC heap before
{Heap before GC invocations=74 (full 0):
 garbage-first heap   total 121856K, used 91296K [0x0000000080000000, 0x0000000100000000)
  region size 1024K, 35 young (35840K), 5 survivors (5120K)
 Metaspace       used 79066K, capacity 81008K, committed 81020K, reserved 1120256K
  class space    used 10289K, capacity 11001K, committed 11008K, reserved 1048576K
}
Event: 274.588 GC heap after
{Heap after GC invocations=75 (full 0):
 garbage-first heap   total 121856K, used 63509K [0x0000000080000000, 0x0000000100000000)
  region size 1024K, 5 young (5120K), 5 survivors (5120K)
 Metaspace       used 79066K, capacity 81008K, committed 81020K, reserved 1120256K
  class space    used 10289K, capacity 11001K, committed 11008K, reserved 1048576K
}
Event: 280.983 GC heap before
{Heap before GC invocations=75 (full 0):
 garbage-first heap   total 121856K, used 93205K [0x0000000080000000, 0x0000000100000000)
  region size 1024K, 35 young (35840K), 5 survivors (5120K)
 Metaspace       used 79475K, capacity 81407K, committed 81660K, reserved 1120256K
  class space    used 10311K, capacity 11017K, committed 11136K, reserved 1048576K
}
Event: 281.068 GC heap after
{Heap after GC invocations=76 (full 0):
 garbage-first heap   total 146432K, used 65535K [0x0000000080000000, 0x0000000100000000)
  region size 1024K, 4 young (4096K), 4 survivors (4096K)
 Metaspace       used 79475K, capacity 81407K, committed 81660K, reserved 1120256K
  class space    used 10311K, capacity 11017K, committed 11136K, reserved 1048576K
}
Event: 293.416 GC heap before
{Heap before GC invocations=77 (full 0):
 garbage-first heap   total 146432K, used 107519K [0x0000000080000000, 0x0000000100000000)
  region size 1024K, 46 young (47104K), 4 survivors (4096K)
 Metaspace       used 82533K, capacity 84557K, committed 84732K, reserved 1122304K
  class space    used 10638K, capacity 11366K, committed 11392K, reserved 1048576K
}
Event: 293.475 GC heap after
{Heap after GC invocations=78 (full 0):
 garbage-first heap   total 146432K, used 67359K [0x0000000080000000, 0x0000000100000000)
  region size 1024K, 4 young (4096K), 4 survivors (4096K)
 Metaspace       used 82533K, capacity 84557K, committed 84732K, reserved 1122304K
  class space    used 10638K, capacity 11366K, committed 11392K, reserved 1048576K
}
Event: 299.674 GC heap before
{Heap before GC invocations=78 (full 0):
 garbage-first heap   total 146432K, used 111391K [0x0000000080000000, 0x0000000100000000)
  region size 1024K, 47 young (48128K), 4 survivors (4096K)
 Metaspace       used 85577K, capacity 87657K, committed 87804K, reserved 1126400K
  class space    used 11028K, capacity 11821K, committed 11904K, reserved 1048576K
}
Event: 299.745 GC heap after
{Heap after GC invocations=79 (full 0):
 garbage-first heap   total 146432K, used 69519K [0x0000000080000000, 0x0000000100000000)
  region size 1024K, 4 young (4096K), 4 survivors (4096K)
 Metaspace       used 85577K, capacity 87657K, committed 87804K, reserved 1126400K
  class space    used 11028K, capacity 11821K, committed 11904K, reserved 1048576K
}

