# JRE version: OpenJDK Runtime Environment (11.0.10) (build 11.0.10+0-b96-7249189)
# Java VM: OpenJDK 64-Bit Server VM (11.0.10+0-b96-7249189, mixed mode, tiered, compressed oops, g1 gc, windows-amd64)
Heap:
 garbage-first heap   total 541696K, used 213780K [0x0000000080000000, 0x0000000100000000)
  region size 1024K, 1 young (1024K), 1 survivors (1024K)
 Metaspace       used 124590K, capacity 128250K, committed 128684K, reserved 1161216K
  class space    used 15853K, capacity 17219K, committed 17408K, reserved 1048576K
GC Heap History (20 events):
Event: 2277.860 GC heap after
{Heap after GC invocations=262 (full 0):
 garbage-first heap   total 450560K, used 193144K [0x0000000080000000, 0x0000000100000000)
  region size 1024K, 3 young (3072K), 3 survivors (3072K)
 Metaspace       used 122979K, capacity 126539K, committed 127148K, reserved 1159168K
  class space    used 15629K, capacity 16968K, committed 17152K, reserved 1048576K
}
Event: 2278.511 GC heap before
{Heap before GC invocations=262 (full 0):
 garbage-first heap   total 450560K, used 212600K [0x0000000080000000, 0x0000000100000000)
  region size 1024K, 22 young (22528K), 3 survivors (3072K)
 Metaspace       used 122980K, capacity 126539K, committed 127148K, reserved 1159168K
  class space    used 15629K, capacity 16968K, committed 17152K, reserved 1048576K
}
Event: 2278.722 GC heap after
{Heap after GC invocations=263 (full 0):
 garbage-first heap   total 450560K, used 187437K [0x0000000080000000, 0x0000000100000000)
  region size 1024K, 3 young (3072K), 3 survivors (3072K)
 Metaspace       used 122980K, capacity 126539K, committed 127148K, reserved 1159168K
  class space    used 15629K, capacity 16968K, committed 17152K, reserved 1048576K
}
Event: 2279.485 GC heap before
{Heap before GC invocations=263 (full 0):
 garbage-first heap   total 450560K, used 205869K [0x0000000080000000, 0x0000000100000000)
  region size 1024K, 22 young (22528K), 3 survivors (3072K)
 Metaspace       used 122981K, capacity 126540K, committed 127148K, reserved 1159168K
  class space    used 15629K, capacity 16968K, committed 17152K, reserved 1048576K
}
Event: 2279.651 GC heap after
{Heap after GC invocations=264 (full 0):
 garbage-first heap   total 450560K, used 188459K [0x0000000080000000, 0x0000000100000000)
  region size 1024K, 2 young (2048K), 2 survivors (2048K)
 Metaspace       used 122981K, capacity 126540K, committed 127148K, reserved 1159168K
  class space    used 15629K, capacity 16968K, committed 17152K, reserved 1048576K
}
Event: 2282.008 GC heap before
{Heap before GC invocations=264 (full 0):
 garbage-first heap   total 450560K, used 208939K [0x0000000080000000, 0x0000000100000000)
  region size 1024K, 22 young (22528K), 2 survivors (2048K)
 Metaspace       used 122982K, capacity 126540K, committed 127148K, reserved 1159168K
  class space    used 15629K, capacity 16968K, committed 17152K, reserved 1048576K
}
Event: 2282.072 GC heap after
{Heap after GC invocations=265 (full 0):
 garbage-first heap   total 450560K, used 189125K [0x0000000080000000, 0x0000000100000000)
  region size 1024K, 2 young (2048K), 2 survivors (2048K)
 Metaspace       used 122982K, capacity 126540K, committed 127148K, reserved 1159168K
  class space    used 15629K, capacity 16968K, committed 17152K, reserved 1048576K
}
Event: 2283.022 GC heap before
{Heap before GC invocations=265 (full 0):
 garbage-first heap   total 450560K, used 209605K [0x0000000080000000, 0x0000000100000000)
  region size 1024K, 22 young (22528K), 2 survivors (2048K)
 Metaspace       used 122982K, capacity 126540K, committed 127148K, reserved 1159168K
  class space    used 15629K, capacity 16968K, committed 17152K, reserved 1048576K
}
Event: 2283.073 GC heap after
{Heap after GC invocations=266 (full 0):
 garbage-first heap   total 450560K, used 190428K [0x0000000080000000, 0x0000000100000000)
  region size 1024K, 2 young (2048K), 2 survivors (2048K)
 Metaspace       used 122982K, capacity 126540K, committed 127148K, reserved 1159168K
  class space    used 15629K, capacity 16968K, committed 17152K, reserved 1048576K
}
Event: 2284.032 GC heap before
{Heap before GC invocations=266 (full 0):
 garbage-first heap   total 450560K, used 213980K [0x0000000080000000, 0x0000000100000000)
  region size 1024K, 24 young (24576K), 2 survivors (2048K)
 Metaspace       used 122982K, capacity 126540K, committed 127148K, reserved 1159168K
  class space    used 15629K, capacity 16968K, committed 17152K, reserved 1048576K
}
Event: 2284.074 GC heap after
{Heap after GC invocations=267 (full 0):
 garbage-first heap   total 450560K, used 192196K [0x0000000080000000, 0x0000000100000000)
  region size 1024K, 2 young (2048K), 2 survivors (2048K)
 Metaspace       used 122982K, capacity 126540K, committed 127148K, reserved 1159168K
  class space    used 15629K, capacity 16968K, committed 17152K, reserved 1048576K
}
Event: 2285.508 GC heap before
{Heap before GC invocations=267 (full 0):
 garbage-first heap   total 450560K, used 218820K [0x0000000080000000, 0x0000000100000000)
  region size 1024K, 28 young (28672K), 2 survivors (2048K)
 Metaspace       used 122983K, capacity 126540K, committed 127148K, reserved 1159168K
  class space    used 15629K, capacity 16968K, committed 17152K, reserved 1048576K
}
Event: 2285.568 GC heap after
{Heap after GC invocations=268 (full 0):
 garbage-first heap   total 450560K, used 192887K [0x0000000080000000, 0x0000000100000000)
  region size 1024K, 3 young (3072K), 3 survivors (3072K)
 Metaspace       used 122983K, capacity 126540K, committed 127148K, reserved 1159168K
  class space    used 15629K, capacity 16968K, committed 17152K, reserved 1048576K
}
Event: 2287.283 GC heap before
{Heap before GC invocations=268 (full 0):
 garbage-first heap   total 450560K, used 223607K [0x0000000080000000, 0x0000000100000000)
  region size 1024K, 33 young (33792K), 3 survivors (3072K)
 Metaspace       used 122994K, capacity 126545K, committed 127148K, reserved 1159168K
  class space    used 15631K, capacity 16970K, committed 17152K, reserved 1048576K
}
Event: 2287.352 GC heap after
{Heap after GC invocations=269 (full 0):
 garbage-first heap   total 450560K, used 192883K [0x0000000080000000, 0x0000000100000000)
  region size 1024K, 4 young (4096K), 4 survivors (4096K)
 Metaspace       used 122994K, capacity 126545K, committed 127148K, reserved 1159168K
  class space    used 15631K, capacity 16970K, committed 17152K, reserved 1048576K
}
Event: 2290.618 GC heap before
{Heap before GC invocations=269 (full 0):
 garbage-first heap   total 450560K, used 225651K [0x0000000080000000, 0x0000000100000000)
  region size 1024K, 34 young (34816K), 4 survivors (4096K)
 Metaspace       used 123261K, capacity 126761K, committed 127148K, reserved 1159168K
  class space    used 15678K, capacity 17043K, committed 17152K, reserved 1048576K
}
Event: 2290.713 GC heap after
{Heap after GC invocations=270 (full 0):
 garbage-first heap   total 450560K, used 200929K [0x0000000080000000, 0x0000000100000000)
  region size 1024K, 5 young (5120K), 5 survivors (5120K)
 Metaspace       used 123261K, capacity 126761K, committed 127148K, reserved 1159168K
  class space    used 15678K, capacity 17043K, committed 17152K, reserved 1048576K
}
Event: 2292.506 GC heap before
{Heap before GC invocations=270 (full 0):
 garbage-first heap   total 450560K, used 238817K [0x0000000080000000, 0x0000000100000000)
  region size 1024K, 36 young (36864K), 5 survivors (5120K)
 Metaspace       used 123796K, capacity 127452K, committed 127788K, reserved 1159168K
  class space    used 15754K, capacity 17146K, committed 17280K, reserved 1048576K
}
Event: 2292.612 GC heap after
{Heap after GC invocations=271 (full 0):
 garbage-first heap   total 450560K, used 213100K [0x0000000080000000, 0x0000000100000000)
  region size 1024K, 5 young (5120K), 5 survivors (5120K)
 Metaspace       used 123796K, capacity 127452K, committed 127788K, reserved 1159168K
  class space    used 15754K, capacity 17146K, committed 17280K, reserved 1048576K
}
Event: 2295.847 GC heap before
{Heap before GC invocations=271 (full 0):
 garbage-first heap   total 450560K, used 246892K [0x0000000080000000, 0x0000000100000000)
  region size 1024K, 38 young (38912K), 5 survivors (5120K)
 Metaspace       used 124590K, capacity 128250K, committed 128684K, reserved 1161216K
  class space    used 15853K, capacity 17219K, committed 17408K, reserved 1048576K
}

