# JRE version: OpenJDK Runtime Environment (11.0.10) (build 11.0.10+0-b96-7249189)
# Java VM: OpenJDK 64-Bit Server VM (11.0.10+0-b96-7249189, mixed mode, tiered, compressed oops, g1 gc, windows-amd64)
Heap:
 garbage-first heap   total 83968K, used 61377K [0x0000000080000000, 0x0000000100000000)
  region size 1024K, 8 young (8192K), 2 survivors (2048K)
 Metaspace       used 69136K, capacity 70726K, committed 70908K, reserved 1110016K
  class space    used 8903K, capacity 9502K, committed 9600K, reserved 1048576K
GC Heap History (20 events):
Event: 322.782 GC heap before
{Heap before GC invocations=82 (full 0):
 garbage-first heap   total 69632K, used 55696K [0x0000000080000000, 0x0000000100000000)
  region size 1024K, 7 young (7168K), 1 survivors (1024K)
 Metaspace       used 61041K, capacity 62572K, committed 62716K, reserved 1103872K
  class space    used 7694K, capacity 8256K, committed 8320K, reserved 1048576K
}
Event: 322.797 GC heap after
{Heap after GC invocations=83 (full 0):
 garbage-first heap   total 69632K, used 49892K [0x0000000080000000, 0x0000000100000000)
  region size 1024K, 1 young (1024K), 1 survivors (1024K)
 Metaspace       used 61041K, capacity 62572K, committed 62716K, reserved 1103872K
  class space    used 7694K, capacity 8256K, committed 8320K, reserved 1048576K
}
Event: 323.301 GC heap before
{Heap before GC invocations=83 (full 0):
 garbage-first heap   total 69632K, used 51940K [0x0000000080000000, 0x0000000100000000)
  region size 1024K, 3 young (3072K), 1 survivors (1024K)
 Metaspace       used 61266K, capacity 62764K, committed 62972K, reserved 1103872K
  class space    used 7716K, capacity 8256K, committed 8320K, reserved 1048576K
}
Event: 323.312 GC heap after
{Heap after GC invocations=84 (full 0):
 garbage-first heap   total 69632K, used 49145K [0x0000000080000000, 0x0000000100000000)
  region size 1024K, 1 young (1024K), 1 survivors (1024K)
 Metaspace       used 61266K, capacity 62764K, committed 62972K, reserved 1103872K
  class space    used 7716K, capacity 8256K, committed 8320K, reserved 1048576K
}
Event: 325.831 GC heap before
{Heap before GC invocations=84 (full 0):
 garbage-first heap   total 69632K, used 55289K [0x0000000080000000, 0x0000000100000000)
  region size 1024K, 7 young (7168K), 1 survivors (1024K)
 Metaspace       used 61761K, capacity 63227K, committed 63356K, reserved 1103872K
  class space    used 7781K, capacity 8323K, committed 8448K, reserved 1048576K
}
Event: 325.851 GC heap after
{Heap after GC invocations=85 (full 0):
 garbage-first heap   total 83968K, used 49545K [0x0000000080000000, 0x0000000100000000)
  region size 1024K, 1 young (1024K), 1 survivors (1024K)
 Metaspace       used 61761K, capacity 63227K, committed 63356K, reserved 1103872K
  class space    used 7781K, capacity 8323K, committed 8448K, reserved 1048576K
}
Event: 332.197 GC heap before
{Heap before GC invocations=86 (full 0):
 garbage-first heap   total 83968K, used 59785K [0x0000000080000000, 0x0000000100000000)
  region size 1024K, 13 young (13312K), 1 survivors (1024K)
 Metaspace       used 62842K, capacity 64348K, committed 64508K, reserved 1105920K
  class space    used 7923K, capacity 8461K, committed 8576K, reserved 1048576K
}
Event: 332.219 GC heap after
{Heap after GC invocations=87 (full 0):
 garbage-first heap   total 83968K, used 50522K [0x0000000080000000, 0x0000000100000000)
  region size 1024K, 2 young (2048K), 2 survivors (2048K)
 Metaspace       used 62842K, capacity 64348K, committed 64508K, reserved 1105920K
  class space    used 7923K, capacity 8461K, committed 8576K, reserved 1048576K
}
Event: 362.019 GC heap before
{Heap before GC invocations=88 (full 0):
 garbage-first heap   total 83968K, used 63834K [0x0000000080000000, 0x0000000100000000)
  region size 1024K, 14 young (14336K), 2 survivors (2048K)
 Metaspace       used 63584K, capacity 65075K, committed 65276K, reserved 1105920K
  class space    used 8032K, capacity 8568K, committed 8576K, reserved 1048576K
}
Event: 362.042 GC heap after
{Heap after GC invocations=89 (full 0):
 garbage-first heap   total 83968K, used 51069K [0x0000000080000000, 0x0000000100000000)
  region size 1024K, 2 young (2048K), 2 survivors (2048K)
 Metaspace       used 63584K, capacity 65075K, committed 65276K, reserved 1105920K
  class space    used 8032K, capacity 8568K, committed 8576K, reserved 1048576K
}
Event: 366.784 GC heap before
{Heap before GC invocations=89 (full 0):
 garbage-first heap   total 83968K, used 63357K [0x0000000080000000, 0x0000000100000000)
  region size 1024K, 14 young (14336K), 2 survivors (2048K)
 Metaspace       used 63705K, capacity 65275K, committed 65404K, reserved 1105920K
  class space    used 8058K, capacity 8636K, committed 8704K, reserved 1048576K
}
Event: 366.813 GC heap after
{Heap after GC invocations=90 (full 0):
 garbage-first heap   total 83968K, used 52489K [0x0000000080000000, 0x0000000100000000)
  region size 1024K, 2 young (2048K), 2 survivors (2048K)
 Metaspace       used 63705K, capacity 65275K, committed 65404K, reserved 1105920K
  class space    used 8058K, capacity 8636K, committed 8704K, reserved 1048576K
}
Event: 382.717 GC heap before
{Heap before GC invocations=91 (full 0):
 garbage-first heap   total 83968K, used 64777K [0x0000000080000000, 0x0000000100000000)
  region size 1024K, 14 young (14336K), 2 survivors (2048K)
 Metaspace       used 64224K, capacity 65773K, committed 65916K, reserved 1105920K
  class space    used 8117K, capacity 8672K, committed 8704K, reserved 1048576K
}
Event: 382.773 GC heap after
{Heap after GC invocations=92 (full 0):
 garbage-first heap   total 83968K, used 53941K [0x0000000080000000, 0x0000000100000000)
  region size 1024K, 2 young (2048K), 2 survivors (2048K)
 Metaspace       used 64224K, capacity 65773K, committed 65916K, reserved 1105920K
  class space    used 8117K, capacity 8672K, committed 8704K, reserved 1048576K
}
Event: 389.479 GC heap before
{Heap before GC invocations=92 (full 0):
 garbage-first heap   total 83968K, used 65205K [0x0000000080000000, 0x0000000100000000)
  region size 1024K, 14 young (14336K), 2 survivors (2048K)
 Metaspace       used 65646K, capacity 67250K, committed 67452K, reserved 1107968K
  class space    used 8337K, capacity 8928K, committed 8960K, reserved 1048576K
}
Event: 389.503 GC heap after
{Heap after GC invocations=93 (full 0):
 garbage-first heap   total 83968K, used 54750K [0x0000000080000000, 0x0000000100000000)
  region size 1024K, 1 young (1024K), 1 survivors (1024K)
 Metaspace       used 65646K, capacity 67250K, committed 67452K, reserved 1107968K
  class space    used 8337K, capacity 8928K, committed 8960K, reserved 1048576K
}
Event: 396.958 GC heap before
{Heap before GC invocations=94 (full 0):
 garbage-first heap   total 83968K, used 66014K [0x0000000080000000, 0x0000000100000000)
  region size 1024K, 13 young (13312K), 1 survivors (1024K)
 Metaspace       used 67477K, capacity 69077K, committed 69372K, reserved 1110016K
  class space    used 8686K, capacity 9260K, committed 9344K, reserved 1048576K
}
Event: 396.980 GC heap after
{Heap after GC invocations=95 (full 0):
 garbage-first heap   total 83968K, used 55394K [0x0000000080000000, 0x0000000100000000)
  region size 1024K, 2 young (2048K), 2 survivors (2048K)
 Metaspace       used 67477K, capacity 69077K, committed 69372K, reserved 1110016K
  class space    used 8686K, capacity 9260K, committed 9344K, reserved 1048576K
}
Event: 410.581 GC heap before
{Heap before GC invocations=95 (full 0):
 garbage-first heap   total 83968K, used 67682K [0x0000000080000000, 0x0000000100000000)
  region size 1024K, 14 young (14336K), 2 survivors (2048K)
 Metaspace       used 68796K, capacity 70478K, committed 70524K, reserved 1110016K
  class space    used 8865K, capacity 9465K, committed 9472K, reserved 1048576K
}
Event: 410.605 GC heap after
{Heap after GC invocations=96 (full 0):
 garbage-first heap   total 83968K, used 56257K [0x0000000080000000, 0x0000000100000000)
  region size 1024K, 2 young (2048K), 2 survivors (2048K)
 Metaspace       used 68796K, capacity 70478K, committed 70524K, reserved 1110016K
  class space    used 8865K, capacity 9465K, committed 9472K, reserved 1048576K
}

