# JRE version: OpenJDK Runtime Environment (11.0.10) (build 11.0.10+0-b96-7249189)
# Java VM: OpenJDK 64-Bit Server VM (11.0.10+0-b96-7249189, mixed mode, tiered, compressed oops, g1 gc, windows-amd64)
Heap:
 garbage-first heap   total 87040K, used 84559K [0x0000000080000000, 0x0000000100000000)
  region size 1024K, 4 young (4096K), 1 survivors (1024K)
 Metaspace       used 71266K, capacity 73084K, committed 73344K, reserved 1112064K
  class space    used 9221K, capacity 9840K, committed 9856K, reserved 1048576K
GC Heap History (20 events):
Event: 444.245 GC heap after
{Heap after GC invocations=150 (full 0):
 garbage-first heap   total 84992K, used 79996K [0x0000000080000000, 0x0000000100000000)
  region size 1024K, 1 young (1024K), 1 survivors (1024K)
 Metaspace       used 68572K, capacity 70435K, committed 70784K, reserved 1110016K
  class space    used 8851K, capacity 9495K, committed 9600K, reserved 1048576K
}
Event: 444.979 GC heap before
{Heap before GC invocations=150 (full 0):
 garbage-first heap   total 84992K, used 83068K [0x0000000080000000, 0x0000000100000000)
  region size 1024K, 4 young (4096K), 1 survivors (1024K)
 Metaspace       used 69071K, capacity 70960K, committed 71040K, reserved 1110016K
  class space    used 8921K, capacity 9563K, committed 9600K, reserved 1048576K
}
Event: 444.998 GC heap after
{Heap after GC invocations=151 (full 0):
 garbage-first heap   total 84992K, used 80125K [0x0000000080000000, 0x0000000100000000)
  region size 1024K, 1 young (1024K), 1 survivors (1024K)
 Metaspace       used 69071K, capacity 70960K, committed 71040K, reserved 1110016K
  class space    used 8921K, capacity 9563K, committed 9600K, reserved 1048576K
}
Event: 448.298 GC heap before
{Heap before GC invocations=152 (full 0):
 garbage-first heap   total 84992K, used 83197K [0x0000000080000000, 0x0000000100000000)
  region size 1024K, 4 young (4096K), 1 survivors (1024K)
 Metaspace       used 69426K, capacity 71257K, committed 71296K, reserved 1112064K
  class space    used 8965K, capacity 9597K, committed 9600K, reserved 1048576K
}
Event: 448.323 GC heap after
{Heap after GC invocations=153 (full 0):
 garbage-first heap   total 84992K, used 80331K [0x0000000080000000, 0x0000000100000000)
  region size 1024K, 1 young (1024K), 1 survivors (1024K)
 Metaspace       used 69426K, capacity 71257K, committed 71296K, reserved 1112064K
  class space    used 8965K, capacity 9597K, committed 9600K, reserved 1048576K
}
Event: 453.649 GC heap before
{Heap before GC invocations=153 (full 0):
 garbage-first heap   total 84992K, used 83403K [0x0000000080000000, 0x0000000100000000)
  region size 1024K, 4 young (4096K), 1 survivors (1024K)
 Metaspace       used 69690K, capacity 71493K, committed 71680K, reserved 1112064K
  class space    used 8996K, capacity 9631K, committed 9728K, reserved 1048576K
}
Event: 453.665 GC heap after
{Heap after GC invocations=154 (full 0):
 garbage-first heap   total 86016K, used 80517K [0x0000000080000000, 0x0000000100000000)
  region size 1024K, 1 young (1024K), 1 survivors (1024K)
 Metaspace       used 69690K, capacity 71493K, committed 71680K, reserved 1112064K
  class space    used 8996K, capacity 9631K, committed 9728K, reserved 1048576K
}
Event: 456.501 GC heap before
{Heap before GC invocations=155 (full 0):
 garbage-first heap   total 86016K, used 83589K [0x0000000080000000, 0x0000000100000000)
  region size 1024K, 4 young (4096K), 1 survivors (1024K)
 Metaspace       used 69983K, capacity 71870K, committed 71936K, reserved 1112064K
  class space    used 9032K, capacity 9671K, committed 9728K, reserved 1048576K
}
Event: 456.524 GC heap after
{Heap after GC invocations=156 (full 0):
 garbage-first heap   total 86016K, used 80703K [0x0000000080000000, 0x0000000100000000)
  region size 1024K, 1 young (1024K), 1 survivors (1024K)
 Metaspace       used 69983K, capacity 71870K, committed 71936K, reserved 1112064K
  class space    used 9032K, capacity 9671K, committed 9728K, reserved 1048576K
}
Event: 458.704 GC heap before
{Heap before GC invocations=156 (full 0):
 garbage-first heap   total 86016K, used 83775K [0x0000000080000000, 0x0000000100000000)
  region size 1024K, 4 young (4096K), 1 survivors (1024K)
 Metaspace       used 70225K, capacity 72097K, committed 72192K, reserved 1112064K
  class space    used 9068K, capacity 9704K, committed 9728K, reserved 1048576K
}
Event: 458.719 GC heap after
{Heap after GC invocations=157 (full 0):
 garbage-first heap   total 86016K, used 80829K [0x0000000080000000, 0x0000000100000000)
  region size 1024K, 1 young (1024K), 1 survivors (1024K)
 Metaspace       used 70225K, capacity 72097K, committed 72192K, reserved 1112064K
  class space    used 9068K, capacity 9704K, committed 9728K, reserved 1048576K
}
Event: 461.150 GC heap before
{Heap before GC invocations=158 (full 0):
 garbage-first heap   total 86016K, used 83901K [0x0000000080000000, 0x0000000100000000)
  region size 1024K, 4 young (4096K), 1 survivors (1024K)
 Metaspace       used 70378K, capacity 72325K, committed 72576K, reserved 1112064K
  class space    used 9084K, capacity 9737K, committed 9856K, reserved 1048576K
}
Event: 461.165 GC heap after
{Heap after GC invocations=159 (full 0):
 garbage-first heap   total 86016K, used 81144K [0x0000000080000000, 0x0000000100000000)
  region size 1024K, 1 young (1024K), 1 survivors (1024K)
 Metaspace       used 70378K, capacity 72325K, committed 72576K, reserved 1112064K
  class space    used 9084K, capacity 9737K, committed 9856K, reserved 1048576K
}
Event: 461.673 GC heap before
{Heap before GC invocations=159 (full 0):
 garbage-first heap   total 86016K, used 84216K [0x0000000080000000, 0x0000000100000000)
  region size 1024K, 4 young (4096K), 1 survivors (1024K)
 Metaspace       used 70628K, capacity 72465K, committed 72832K, reserved 1112064K
  class space    used 9126K, capacity 9739K, committed 9856K, reserved 1048576K
}
Event: 461.687 GC heap after
{Heap after GC invocations=160 (full 0):
 garbage-first heap   total 86016K, used 81169K [0x0000000080000000, 0x0000000100000000)
  region size 1024K, 1 young (1024K), 1 survivors (1024K)
 Metaspace       used 70628K, capacity 72465K, committed 72832K, reserved 1112064K
  class space    used 9126K, capacity 9739K, committed 9856K, reserved 1048576K
}
Event: 463.834 GC heap before
{Heap before GC invocations=161 (full 0):
 garbage-first heap   total 86016K, used 84241K [0x0000000080000000, 0x0000000100000000)
  region size 1024K, 4 young (4096K), 1 survivors (1024K)
 Metaspace       used 70881K, capacity 72691K, committed 72832K, reserved 1112064K
  class space    used 9165K, capacity 9773K, committed 9856K, reserved 1048576K
}
Event: 463.848 GC heap after
{Heap after GC invocations=162 (full 0):
 garbage-first heap   total 86016K, used 81270K [0x0000000080000000, 0x0000000100000000)
  region size 1024K, 1 young (1024K), 1 survivors (1024K)
 Metaspace       used 70881K, capacity 72691K, committed 72832K, reserved 1112064K
  class space    used 9165K, capacity 9773K, committed 9856K, reserved 1048576K
}
Event: 465.757 GC heap before
{Heap before GC invocations=162 (full 0):
 garbage-first heap   total 86016K, used 83318K [0x0000000080000000, 0x0000000100000000)
  region size 1024K, 4 young (4096K), 1 survivors (1024K)
 Metaspace       used 71085K, capacity 72956K, committed 73088K, reserved 1112064K
  class space    used 9194K, capacity 9840K, committed 9856K, reserved 1048576K
}
Event: 465.771 GC heap after
{Heap after GC invocations=163 (full 0):
 garbage-first heap   total 86016K, used 81487K [0x0000000080000000, 0x0000000100000000)
  region size 1024K, 1 young (1024K), 1 survivors (1024K)
 Metaspace       used 71085K, capacity 72956K, committed 73088K, reserved 1112064K
  class space    used 9194K, capacity 9840K, committed 9856K, reserved 1048576K
}
Event: 467.012 GC heap before
{Heap before GC invocations=164 (full 0):
 garbage-first heap   total 86016K, used 84559K [0x0000000080000000, 0x0000000100000000)
  region size 1024K, 4 young (4096K), 1 survivors (1024K)
 Metaspace       used 71266K, capacity 73084K, committed 73344K, reserved 1112064K
  class space    used 9221K, capacity 9840K, committed 9856K, reserved 1048576K
}

